/usr/bin/cmake -H/home/piotr/Programy/RootAnalysis -B/home/piotr/Programy/RootAnalysis/build --check-build-system CMakeFiles/Makefile.cmake 0
/usr/bin/cmake -E cmake_progress_start /home/piotr/Programy/RootAnalysis/build/CMakeFiles /home/piotr/Programy/RootAnalysis/build/CMakeFiles/progress.marks
make -f CMakeFiles/Makefile2 all
make[1]: Wejście do katalogu '/home/piotr/Programy/RootAnalysis/build'
make -f Core/src/CMakeFiles/FrameworkCore.dir/build.make Core/src/CMakeFiles/FrameworkCore.dir/depend
make -f HTauTau/DataFormats/src/CMakeFiles/DataFormats.dir/build.make HTauTau/DataFormats/src/CMakeFiles/DataFormats.dir/depend
make -f HTauTau/Analysis/src/CMakeFiles/Analysis.dir/build.make HTauTau/Analysis/src/CMakeFiles/Analysis.dir/depend
make[2]: Wejście do katalogu '/home/piotr/Programy/RootAnalysis/build'
make[2]: Wejście do katalogu '/home/piotr/Programy/RootAnalysis/build'
cd /home/piotr/Programy/RootAnalysis/build && /usr/bin/cmake -E cmake_depends "Unix Makefiles" /home/piotr/Programy/RootAnalysis /home/piotr/Programy/RootAnalysis/Core/src /home/piotr/Programy/RootAnalysis/build /home/piotr/Programy/RootAnalysis/build/Core/src /home/piotr/Programy/RootAnalysis/build/Core/src/CMakeFiles/FrameworkCore.dir/DependInfo.cmake --color=
make[2]: Wejście do katalogu '/home/piotr/Programy/RootAnalysis/build'
cd /home/piotr/Programy/RootAnalysis/build && /usr/bin/cmake -E cmake_depends "Unix Makefiles" /home/piotr/Programy/RootAnalysis /home/piotr/Programy/RootAnalysis/HTauTau/Analysis/src /home/piotr/Programy/RootAnalysis/build /home/piotr/Programy/RootAnalysis/build/HTauTau/Analysis/src /home/piotr/Programy/RootAnalysis/build/HTauTau/Analysis/src/CMakeFiles/Analysis.dir/DependInfo.cmake --color=
[  3%] Generating G__HTTEvent.cxx, libHTTEvent_rdict.pcm, libHTTEvent.rootmap
cd /home/piotr/Programy/RootAnalysis/build/HTauTau/DataFormats/src && /usr/bin/cmake -E env LD_LIBRARY_PATH=/home/piotr/Programy/root-6.14.04/build/build/lib: /home/piotr/Programy/root-6.14.04/build/build/bin/rootcling -v2 -f G__HTTEvent.cxx -s /home/piotr/Programy/RootAnalysis/build/HTauTau/DataFormats/src/libHTTEvent.so -rml libHTTEvent.so -rmf /home/piotr/Programy/RootAnalysis/build/HTauTau/DataFormats/src/libHTTEvent.rootmap -I/home/piotr/Programy/root-6.14.04/build/build/include -I/home/piotr/Programy/RootAnalysis/HTauTau/DataFormats/src/../include /home/piotr/Programy/RootAnalysis/HTauTau/DataFormats/include/HTTEvent.h /home/piotr/Programy/RootAnalysis/HTauTau/DataFormats/src/../include/LinkDef.h
Scanning dependencies of target FrameworkCore
make[2]: Opuszczenie katalogu '/home/piotr/Programy/RootAnalysis/build'
make -f Core/src/CMakeFiles/FrameworkCore.dir/build.make Core/src/CMakeFiles/FrameworkCore.dir/build
make[2]: Wejście do katalogu '/home/piotr/Programy/RootAnalysis/build'
Scanning dependencies of target Analysis
make[2]: Opuszczenie katalogu '/home/piotr/Programy/RootAnalysis/build'
make -f HTauTau/Analysis/src/CMakeFiles/Analysis.dir/build.make HTauTau/Analysis/src/CMakeFiles/Analysis.dir/build
[  6%] Building CXX object Core/src/CMakeFiles/FrameworkCore.dir/AnalysisHistograms.cc.o
cd /home/piotr/Programy/RootAnalysis/build/Core/src && /usr/bin/c++  -DFrameworkCore_EXPORTS -I/home/piotr/Programy/root-6.14.04/build/build/include -I/home/piotr/Programy/RootAnalysis/Core/src/../include  -pipe -m64 -fsigned-char -pthread -std=c++11 -fPIC   -o CMakeFiles/FrameworkCore.dir/AnalysisHistograms.cc.o -c /home/piotr/Programy/RootAnalysis/Core/src/AnalysisHistograms.cc
[  9%] Building CXX object Core/src/CMakeFiles/FrameworkCore.dir/EventProxyBase.cc.o
cd /home/piotr/Programy/RootAnalysis/build/Core/src && /usr/bin/c++  -DFrameworkCore_EXPORTS -I/home/piotr/Programy/root-6.14.04/build/build/include -I/home/piotr/Programy/RootAnalysis/Core/src/../include  -pipe -m64 -fsigned-char -pthread -std=c++11 -fPIC   -o CMakeFiles/FrameworkCore.dir/EventProxyBase.cc.o -c /home/piotr/Programy/RootAnalysis/Core/src/EventProxyBase.cc
make[2]: Wejście do katalogu '/home/piotr/Programy/RootAnalysis/build'
[ 12%] Building CXX object HTauTau/Analysis/src/CMakeFiles/Analysis.dir/ChannelSpecifics.cc.o
cd /home/piotr/Programy/RootAnalysis/build/HTauTau/Analysis/src && /usr/bin/c++  -DAnalysis_EXPORTS -I/home/piotr/Programy/root-6.14.04/build/build/include -I/home/piotr/Programy/RootAnalysis/HTauTau/Analysis/src/../include -I/home/piotr/Programy/RootAnalysis/Core/include -I/home/piotr/Programy/RootAnalysis/HTauTau/DataFormats/include  -pipe -m64 -fsigned-char -pthread -std=c++11 -fPIC   -o CMakeFiles/Analysis.dir/ChannelSpecifics.cc.o -c /home/piotr/Programy/RootAnalysis/HTauTau/Analysis/src/ChannelSpecifics.cc
[ 16%] Building CXX object Core/src/CMakeFiles/FrameworkCore.dir/Analyzer.cc.o
cd /home/piotr/Programy/RootAnalysis/build/Core/src && /usr/bin/c++  -DFrameworkCore_EXPORTS -I/home/piotr/Programy/root-6.14.04/build/build/include -I/home/piotr/Programy/RootAnalysis/Core/src/../include  -pipe -m64 -fsigned-char -pthread -std=c++11 -fPIC   -o CMakeFiles/FrameworkCore.dir/Analyzer.cc.o -c /home/piotr/Programy/RootAnalysis/Core/src/Analyzer.cc
cd /home/piotr/Programy/RootAnalysis/build && /usr/bin/cmake -E cmake_depends "Unix Makefiles" /home/piotr/Programy/RootAnalysis /home/piotr/Programy/RootAnalysis/HTauTau/DataFormats/src /home/piotr/Programy/RootAnalysis/build /home/piotr/Programy/RootAnalysis/build/HTauTau/DataFormats/src /home/piotr/Programy/RootAnalysis/build/HTauTau/DataFormats/src/CMakeFiles/DataFormats.dir/DependInfo.cmake --color=
Scanning dependencies of target DataFormats
make[2]: Opuszczenie katalogu '/home/piotr/Programy/RootAnalysis/build'
make -f HTauTau/DataFormats/src/CMakeFiles/DataFormats.dir/build.make HTauTau/DataFormats/src/CMakeFiles/DataFormats.dir/build
make[2]: Wejście do katalogu '/home/piotr/Programy/RootAnalysis/build'
[ 22%] Building CXX object HTauTau/DataFormats/src/CMakeFiles/DataFormats.dir/HTTEvent.cc.o
[ 22%] Building CXX object Core/src/CMakeFiles/FrameworkCore.dir/ObjectMessenger.cc.o
cd /home/piotr/Programy/RootAnalysis/build/HTauTau/DataFormats/src && /usr/bin/c++  -DDataFormats_EXPORTS -I/home/piotr/Programy/root-6.14.04/build/build/include -I/home/piotr/Programy/RootAnalysis/HTauTau/DataFormats/src/../include -I/home/piotr/Programy/RootAnalysis/Core/include  -pipe -m64 -fsigned-char -pthread -std=c++11 -fPIC   -o CMakeFiles/DataFormats.dir/HTTEvent.cc.o -c /home/piotr/Programy/RootAnalysis/HTauTau/DataFormats/src/HTTEvent.cc
cd /home/piotr/Programy/RootAnalysis/build/Core/src && /usr/bin/c++  -DFrameworkCore_EXPORTS -I/home/piotr/Programy/root-6.14.04/build/build/include -I/home/piotr/Programy/RootAnalysis/Core/src/../include  -pipe -m64 -fsigned-char -pthread -std=c++11 -fPIC   -o CMakeFiles/FrameworkCore.dir/ObjectMessenger.cc.o -c /home/piotr/Programy/RootAnalysis/Core/src/ObjectMessenger.cc
[ 25%] Building CXX object Core/src/CMakeFiles/FrameworkCore.dir/strbitset.cc.o
cd /home/piotr/Programy/RootAnalysis/build/Core/src && /usr/bin/c++  -DFrameworkCore_EXPORTS -I/home/piotr/Programy/root-6.14.04/build/build/include -I/home/piotr/Programy/RootAnalysis/Core/src/../include  -pipe -m64 -fsigned-char -pthread -std=c++11 -fPIC   -o CMakeFiles/FrameworkCore.dir/strbitset.cc.o -c /home/piotr/Programy/RootAnalysis/Core/src/strbitset.cc
[ 29%] Building CXX object HTauTau/Analysis/src/CMakeFiles/Analysis.dir/HTTAnalyzer.cc.o
cd /home/piotr/Programy/RootAnalysis/build/HTauTau/Analysis/src && /usr/bin/c++  -DAnalysis_EXPORTS -I/home/piotr/Programy/root-6.14.04/build/build/include -I/home/piotr/Programy/RootAnalysis/HTauTau/Analysis/src/../include -I/home/piotr/Programy/RootAnalysis/Core/include -I/home/piotr/Programy/RootAnalysis/HTauTau/DataFormats/include  -pipe -m64 -fsigned-char -pthread -std=c++11 -fPIC   -o CMakeFiles/Analysis.dir/HTTAnalyzer.cc.o -c /home/piotr/Programy/RootAnalysis/HTauTau/Analysis/src/HTTAnalyzer.cc
[ 32%] Building CXX object Core/src/CMakeFiles/FrameworkCore.dir/TFileDirectory.cc.o
cd /home/piotr/Programy/RootAnalysis/build/Core/src && /usr/bin/c++  -DFrameworkCore_EXPORTS -I/home/piotr/Programy/root-6.14.04/build/build/include -I/home/piotr/Programy/RootAnalysis/Core/src/../include  -pipe -m64 -fsigned-char -pthread -std=c++11 -fPIC   -o CMakeFiles/FrameworkCore.dir/TFileDirectory.cc.o -c /home/piotr/Programy/RootAnalysis/Core/src/TFileDirectory.cc
[ 35%] Building CXX object HTauTau/DataFormats/src/CMakeFiles/DataFormats.dir/EventProxyHTT.cc.o
cd /home/piotr/Programy/RootAnalysis/build/HTauTau/DataFormats/src && /usr/bin/c++  -DDataFormats_EXPORTS -I/home/piotr/Programy/root-6.14.04/build/build/include -I/home/piotr/Programy/RootAnalysis/HTauTau/DataFormats/src/../include -I/home/piotr/Programy/RootAnalysis/Core/include  -pipe -m64 -fsigned-char -pthread -std=c++11 -fPIC   -o CMakeFiles/DataFormats.dir/EventProxyHTT.cc.o -c /home/piotr/Programy/RootAnalysis/HTauTau/DataFormats/src/EventProxyHTT.cc
[ 38%] Building CXX object Core/src/CMakeFiles/FrameworkCore.dir/TFileService.cc.o
cd /home/piotr/Programy/RootAnalysis/build/Core/src && /usr/bin/c++  -DFrameworkCore_EXPORTS -I/home/piotr/Programy/root-6.14.04/build/build/include -I/home/piotr/Programy/RootAnalysis/Core/src/../include  -pipe -m64 -fsigned-char -pthread -std=c++11 -fPIC   -o CMakeFiles/FrameworkCore.dir/TFileService.cc.o -c /home/piotr/Programy/RootAnalysis/Core/src/TFileService.cc
[ 41%] Building CXX object Core/src/CMakeFiles/FrameworkCore.dir/TH1AddDirectorySentry.cc.o
cd /home/piotr/Programy/RootAnalysis/build/Core/src && /usr/bin/c++  -DFrameworkCore_EXPORTS -I/home/piotr/Programy/root-6.14.04/build/build/include -I/home/piotr/Programy/RootAnalysis/Core/src/../include  -pipe -m64 -fsigned-char -pthread -std=c++11 -fPIC   -o CMakeFiles/FrameworkCore.dir/TH1AddDirectorySentry.cc.o -c /home/piotr/Programy/RootAnalysis/Core/src/TH1AddDirectorySentry.cc
[ 45%] Building CXX object HTauTau/DataFormats/src/CMakeFiles/DataFormats.dir/PropertyEnum.cc.o
cd /home/piotr/Programy/RootAnalysis/build/HTauTau/DataFormats/src && /usr/bin/c++  -DDataFormats_EXPORTS -I/home/piotr/Programy/root-6.14.04/build/build/include -I/home/piotr/Programy/RootAnalysis/HTauTau/DataFormats/src/../include -I/home/piotr/Programy/RootAnalysis/Core/include  -pipe -m64 -fsigned-char -pthread -std=c++11 -fPIC   -o CMakeFiles/DataFormats.dir/PropertyEnum.cc.o -c /home/piotr/Programy/RootAnalysis/HTauTau/DataFormats/src/PropertyEnum.cc
[ 48%] Building CXX object Core/src/CMakeFiles/FrameworkCore.dir/TreeAnalyzer.cc.o
cd /home/piotr/Programy/RootAnalysis/build/Core/src && /usr/bin/c++  -DFrameworkCore_EXPORTS -I/home/piotr/Programy/root-6.14.04/build/build/include -I/home/piotr/Programy/RootAnalysis/Core/src/../include  -pipe -m64 -fsigned-char -pthread -std=c++11 -fPIC   -o CMakeFiles/FrameworkCore.dir/TreeAnalyzer.cc.o -c /home/piotr/Programy/RootAnalysis/Core/src/TreeAnalyzer.cc
[ 51%] Building CXX object HTauTau/DataFormats/src/CMakeFiles/DataFormats.dir/G__HTTEvent.cxx.o
cd /home/piotr/Programy/RootAnalysis/build/HTauTau/DataFormats/src && /usr/bin/c++  -DDataFormats_EXPORTS -I/home/piotr/Programy/root-6.14.04/build/build/include -I/home/piotr/Programy/RootAnalysis/HTauTau/DataFormats/src/../include -I/home/piotr/Programy/RootAnalysis/Core/include  -pipe -m64 -fsigned-char -pthread -std=c++11 -fPIC   -o CMakeFiles/DataFormats.dir/G__HTTEvent.cxx.o -c /home/piotr/Programy/RootAnalysis/build/HTauTau/DataFormats/src/G__HTTEvent.cxx
[ 54%] Building CXX object Core/src/CMakeFiles/FrameworkCore.dir/SummaryAnalyzer.cc.o
cd /home/piotr/Programy/RootAnalysis/build/Core/src && /usr/bin/c++  -DFrameworkCore_EXPORTS -I/home/piotr/Programy/root-6.14.04/build/build/include -I/home/piotr/Programy/RootAnalysis/Core/src/../include  -pipe -m64 -fsigned-char -pthread -std=c++11 -fPIC   -o CMakeFiles/FrameworkCore.dir/SummaryAnalyzer.cc.o -c /home/piotr/Programy/RootAnalysis/Core/src/SummaryAnalyzer.cc
[ 58%] Building CXX object HTauTau/Analysis/src/CMakeFiles/Analysis.dir/HTTAnalyzerCPmethods.cc.o
cd /home/piotr/Programy/RootAnalysis/build/HTauTau/Analysis/src && /usr/bin/c++  -DAnalysis_EXPORTS -I/home/piotr/Programy/root-6.14.04/build/build/include -I/home/piotr/Programy/RootAnalysis/HTauTau/Analysis/src/../include -I/home/piotr/Programy/RootAnalysis/Core/include -I/home/piotr/Programy/RootAnalysis/HTauTau/DataFormats/include  -pipe -m64 -fsigned-char -pthread -std=c++11 -fPIC   -o CMakeFiles/Analysis.dir/HTTAnalyzerCPmethods.cc.o -c /home/piotr/Programy/RootAnalysis/HTauTau/Analysis/src/HTTAnalyzerCPmethods.cc
[ 61%] Linking CXX shared library libDataFormats.so
cd /home/piotr/Programy/RootAnalysis/build/HTauTau/DataFormats/src && /usr/bin/cmake -E cmake_link_script CMakeFiles/DataFormats.dir/link.txt --verbose=1
/usr/bin/c++ -fPIC   -pipe -m64 -fsigned-char -pthread -std=c++11  -shared -Wl,-soname,libDataFormats.so -o libDataFormats.so CMakeFiles/DataFormats.dir/HTTEvent.cc.o CMakeFiles/DataFormats.dir/EventProxyHTT.cc.o CMakeFiles/DataFormats.dir/PropertyEnum.cc.o CMakeFiles/DataFormats.dir/G__HTTEvent.cxx.o  -L/home/piotr/Programy/root-6.14.04/build/build/lib -Wl,-rpath,::::::::::::::::::::::::::::::::::::::::::::::::::::::::::::::::::::::::::::::::::::::::::::: 
make[2]: Opuszczenie katalogu '/home/piotr/Programy/RootAnalysis/build'
[ 61%] Built target DataFormats
[ 64%] Building CXX object HTauTau/Analysis/src/CMakeFiles/Analysis.dir/HTTHistograms.cc.o
cd /home/piotr/Programy/RootAnalysis/build/HTauTau/Analysis/src && /usr/bin/c++  -DAnalysis_EXPORTS -I/home/piotr/Programy/root-6.14.04/build/build/include -I/home/piotr/Programy/RootAnalysis/HTauTau/Analysis/src/../include -I/home/piotr/Programy/RootAnalysis/Core/include -I/home/piotr/Programy/RootAnalysis/HTauTau/DataFormats/include  -pipe -m64 -fsigned-char -pthread -std=c++11 -fPIC   -o CMakeFiles/Analysis.dir/HTTHistograms.cc.o -c /home/piotr/Programy/RootAnalysis/HTauTau/Analysis/src/HTTHistograms.cc
[ 67%] Building CXX object Core/src/CMakeFiles/FrameworkCore.dir/commonUtils.cc.o
cd /home/piotr/Programy/RootAnalysis/build/Core/src && /usr/bin/c++  -DFrameworkCore_EXPORTS -I/home/piotr/Programy/root-6.14.04/build/build/include -I/home/piotr/Programy/RootAnalysis/Core/src/../include  -pipe -m64 -fsigned-char -pthread -std=c++11 -fPIC   -o CMakeFiles/FrameworkCore.dir/commonUtils.cc.o -c /home/piotr/Programy/RootAnalysis/Core/src/commonUtils.cc
[ 70%] Building CXX object HTauTau/Analysis/src/CMakeFiles/Analysis.dir/HTTSynchNTuple.cc.o
cd /home/piotr/Programy/RootAnalysis/build/HTauTau/Analysis/src && /usr/bin/c++  -DAnalysis_EXPORTS -I/home/piotr/Programy/root-6.14.04/build/build/include -I/home/piotr/Programy/RootAnalysis/HTauTau/Analysis/src/../include -I/home/piotr/Programy/RootAnalysis/Core/include -I/home/piotr/Programy/RootAnalysis/HTauTau/DataFormats/include  -pipe -m64 -fsigned-char -pthread -std=c++11 -fPIC   -o CMakeFiles/Analysis.dir/HTTSynchNTuple.cc.o -c /home/piotr/Programy/RootAnalysis/HTauTau/Analysis/src/HTTSynchNTuple.cc
[ 74%] Building CXX object HTauTau/Analysis/src/CMakeFiles/Analysis.dir/MuTauSpecifics.cc.o
cd /home/piotr/Programy/RootAnalysis/build/HTauTau/Analysis/src && /usr/bin/c++  -DAnalysis_EXPORTS -I/home/piotr/Programy/root-6.14.04/build/build/include -I/home/piotr/Programy/RootAnalysis/HTauTau/Analysis/src/../include -I/home/piotr/Programy/RootAnalysis/Core/include -I/home/piotr/Programy/RootAnalysis/HTauTau/DataFormats/include  -pipe -m64 -fsigned-char -pthread -std=c++11 -fPIC   -o CMakeFiles/Analysis.dir/MuTauSpecifics.cc.o -c /home/piotr/Programy/RootAnalysis/HTauTau/Analysis/src/MuTauSpecifics.cc
[ 77%] Linking CXX shared library libFrameworkCore.so
cd /home/piotr/Programy/RootAnalysis/build/Core/src && /usr/bin/cmake -E cmake_link_script CMakeFiles/FrameworkCore.dir/link.txt --verbose=1
/usr/bin/c++ -fPIC   -pipe -m64 -fsigned-char -pthread -std=c++11  -shared -Wl,-soname,libFrameworkCore.so -o libFrameworkCore.so CMakeFiles/FrameworkCore.dir/EventProxyBase.cc.o CMakeFiles/FrameworkCore.dir/AnalysisHistograms.cc.o CMakeFiles/FrameworkCore.dir/Analyzer.cc.o CMakeFiles/FrameworkCore.dir/ObjectMessenger.cc.o CMakeFiles/FrameworkCore.dir/strbitset.cc.o CMakeFiles/FrameworkCore.dir/TFileDirectory.cc.o CMakeFiles/FrameworkCore.dir/TFileService.cc.o CMakeFiles/FrameworkCore.dir/TH1AddDirectorySentry.cc.o CMakeFiles/FrameworkCore.dir/TreeAnalyzer.cc.o CMakeFiles/FrameworkCore.dir/SummaryAnalyzer.cc.o CMakeFiles/FrameworkCore.dir/commonUtils.cc.o  -L/home/piotr/Programy/root-6.14.04/build/build/lib -Wl,-rpath,::::::::::::::::::::::::::::::::::::::::::::::::::::::::::::::::::::::::::::::::::::::::::::: 
make[2]: Opuszczenie katalogu '/home/piotr/Programy/RootAnalysis/build'
[ 77%] Built target FrameworkCore
[ 80%] Building CXX object HTauTau/Analysis/src/CMakeFiles/Analysis.dir/TauTauSpecifics.cc.o
cd /home/piotr/Programy/RootAnalysis/build/HTauTau/Analysis/src && /usr/bin/c++  -DAnalysis_EXPORTS -I/home/piotr/Programy/root-6.14.04/build/build/include -I/home/piotr/Programy/RootAnalysis/HTauTau/Analysis/src/../include -I/home/piotr/Programy/RootAnalysis/Core/include -I/home/piotr/Programy/RootAnalysis/HTauTau/DataFormats/include  -pipe -m64 -fsigned-char -pthread -std=c++11 -fPIC   -o CMakeFiles/Analysis.dir/TauTauSpecifics.cc.o -c /home/piotr/Programy/RootAnalysis/HTauTau/Analysis/src/TauTauSpecifics.cc
[ 83%] Building CXX object HTauTau/Analysis/src/CMakeFiles/Analysis.dir/Tools.cc.o
cd /home/piotr/Programy/RootAnalysis/build/HTauTau/Analysis/src && /usr/bin/c++  -DAnalysis_EXPORTS -I/home/piotr/Programy/root-6.14.04/build/build/include -I/home/piotr/Programy/RootAnalysis/HTauTau/Analysis/src/../include -I/home/piotr/Programy/RootAnalysis/Core/include -I/home/piotr/Programy/RootAnalysis/HTauTau/DataFormats/include  -pipe -m64 -fsigned-char -pthread -std=c++11 -fPIC   -o CMakeFiles/Analysis.dir/Tools.cc.o -c /home/piotr/Programy/RootAnalysis/HTauTau/Analysis/src/Tools.cc
[ 87%] Building CXX object HTauTau/Analysis/src/CMakeFiles/Analysis.dir/BTagCalibrationStandalone.cpp.o
cd /home/piotr/Programy/RootAnalysis/build/HTauTau/Analysis/src && /usr/bin/c++  -DAnalysis_EXPORTS -I/home/piotr/Programy/root-6.14.04/build/build/include -I/home/piotr/Programy/RootAnalysis/HTauTau/Analysis/src/../include -I/home/piotr/Programy/RootAnalysis/Core/include -I/home/piotr/Programy/RootAnalysis/HTauTau/DataFormats/include  -pipe -m64 -fsigned-char -pthread -std=c++11 -fPIC   -o CMakeFiles/Analysis.dir/BTagCalibrationStandalone.cpp.o -c /home/piotr/Programy/RootAnalysis/HTauTau/Analysis/src/BTagCalibrationStandalone.cpp
[ 90%] Building CXX object HTauTau/Analysis/src/CMakeFiles/Analysis.dir/MLAnalyzer.cc.o
cd /home/piotr/Programy/RootAnalysis/build/HTauTau/Analysis/src && /usr/bin/c++  -DAnalysis_EXPORTS -I/home/piotr/Programy/root-6.14.04/build/build/include -I/home/piotr/Programy/RootAnalysis/HTauTau/Analysis/src/../include -I/home/piotr/Programy/RootAnalysis/Core/include -I/home/piotr/Programy/RootAnalysis/HTauTau/DataFormats/include  -pipe -m64 -fsigned-char -pthread -std=c++11 -fPIC   -o CMakeFiles/Analysis.dir/MLAnalyzer.cc.o -c /home/piotr/Programy/RootAnalysis/HTauTau/Analysis/src/MLAnalyzer.cc
[ 93%] Linking CXX shared library libAnalysis.so
cd /home/piotr/Programy/RootAnalysis/build/HTauTau/Analysis/src && /usr/bin/cmake -E cmake_link_script CMakeFiles/Analysis.dir/link.txt --verbose=1
/usr/bin/c++ -fPIC   -pipe -m64 -fsigned-char -pthread -std=c++11  -shared -Wl,-soname,libAnalysis.so -o libAnalysis.so CMakeFiles/Analysis.dir/ChannelSpecifics.cc.o CMakeFiles/Analysis.dir/HTTAnalyzer.cc.o CMakeFiles/Analysis.dir/HTTAnalyzerCPmethods.cc.o CMakeFiles/Analysis.dir/HTTHistograms.cc.o CMakeFiles/Analysis.dir/HTTSynchNTuple.cc.o CMakeFiles/Analysis.dir/MuTauSpecifics.cc.o CMakeFiles/Analysis.dir/TauTauSpecifics.cc.o CMakeFiles/Analysis.dir/Tools.cc.o CMakeFiles/Analysis.dir/BTagCalibrationStandalone.cpp.o CMakeFiles/Analysis.dir/MLAnalyzer.cc.o  -L/home/piotr/Programy/root-6.14.04/build/build/lib -Wl,-rpath,::::::::::::::::::::::::::::::::::::::::::::::::::::::::::::::::::::::::::::::::::::::::::::: 
make[2]: Opuszczenie katalogu '/home/piotr/Programy/RootAnalysis/build'
[ 93%] Built target Analysis
make -f HTauTau/Analysis/src/CMakeFiles/httAnalysis.dir/build.make HTauTau/Analysis/src/CMakeFiles/httAnalysis.dir/depend
make[2]: Wejście do katalogu '/home/piotr/Programy/RootAnalysis/build'
cd /home/piotr/Programy/RootAnalysis/build && /usr/bin/cmake -E cmake_depends "Unix Makefiles" /home/piotr/Programy/RootAnalysis /home/piotr/Programy/RootAnalysis/HTauTau/Analysis/src /home/piotr/Programy/RootAnalysis/build /home/piotr/Programy/RootAnalysis/build/HTauTau/Analysis/src /home/piotr/Programy/RootAnalysis/build/HTauTau/Analysis/src/CMakeFiles/httAnalysis.dir/DependInfo.cmake --color=
Scanning dependencies of target httAnalysis
make[2]: Opuszczenie katalogu '/home/piotr/Programy/RootAnalysis/build'
make -f HTauTau/Analysis/src/CMakeFiles/httAnalysis.dir/build.make HTauTau/Analysis/src/CMakeFiles/httAnalysis.dir/build
make[2]: Wejście do katalogu '/home/piotr/Programy/RootAnalysis/build'
[ 96%] Building CXX object HTauTau/Analysis/src/CMakeFiles/httAnalysis.dir/HTTAnalysis.cc.o
cd /home/piotr/Programy/RootAnalysis/build/HTauTau/Analysis/src && /usr/bin/c++   -I/home/piotr/Programy/root-6.14.04/build/build/include -I/home/piotr/Programy/RootAnalysis/HTauTau/Analysis/src/../include -I/home/piotr/Programy/RootAnalysis/Core/include -I/home/piotr/Programy/RootAnalysis/HTauTau/DataFormats/include  -pipe -m64 -fsigned-char -pthread -std=c++11   -o CMakeFiles/httAnalysis.dir/HTTAnalysis.cc.o -c /home/piotr/Programy/RootAnalysis/HTauTau/Analysis/src/HTTAnalysis.cc
[100%] Linking CXX executable httAnalysis
cd /home/piotr/Programy/RootAnalysis/build/HTauTau/Analysis/src && /usr/bin/cmake -E cmake_link_script CMakeFiles/httAnalysis.dir/link.txt --verbose=1
/usr/bin/c++    -pipe -m64 -fsigned-char -pthread -std=c++11   CMakeFiles/httAnalysis.dir/HTTAnalysis.cc.o  -o httAnalysis  -L/home/piotr/Programy/root-6.14.04/build/build/lib -Wl,-rpath,/home/piotr/Programy/root-6.14.04/build/build/lib:/home/piotr/Programy/RootAnalysis/build/HTauTau/Analysis/src:/home/piotr/Programy/RootAnalysis/build/Core/src:/home/piotr/Programy/RootAnalysis/build/HTauTau/DataFormats/src: libAnalysis.so /usr/lib/x86_64-linux-gnu/libboost_regex.so /home/piotr/Programy/root-6.14.04/build/build/lib/libCore.so /home/piotr/Programy/root-6.14.04/build/build/lib/libImt.so /home/piotr/Programy/root-6.14.04/build/build/lib/libRIO.so /home/piotr/Programy/root-6.14.04/build/build/lib/libNet.so /home/piotr/Programy/root-6.14.04/build/build/lib/libHist.so /home/piotr/Programy/root-6.14.04/build/build/lib/libGraf.so /home/piotr/Programy/root-6.14.04/build/build/lib/libGraf3d.so /home/piotr/Programy/root-6.14.04/build/build/lib/libGpad.so /home/piotr/Programy/root-6.14.04/build/build/lib/libROOTDataFrame.so /home/piotr/Programy/root-6.14.04/build/build/lib/libTree.so /home/piotr/Programy/root-6.14.04/build/build/lib/libTreePlayer.so /home/piotr/Programy/root-6.14.04/build/build/lib/libRint.so /home/piotr/Programy/root-6.14.04/build/build/lib/libPostscript.so /home/piotr/Programy/root-6.14.04/build/build/lib/libMatrix.so /home/piotr/Programy/root-6.14.04/build/build/lib/libPhysics.so /home/piotr/Programy/root-6.14.04/build/build/lib/libMathCore.so /home/piotr/Programy/root-6.14.04/build/build/lib/libThread.so /home/piotr/Programy/root-6.14.04/build/build/lib/libMultiProc.so /home/piotr/Programy/root-6.14.04/build/build/lib/libGenVector.so /home/piotr/Programy/root-6.14.04/build/build/lib/libRooFitCore.so /home/piotr/Programy/root-6.14.04/build/build/lib/libRooFit.so -lProof -lRooFitCore -lRooFit ../../../Core/src/libFrameworkCore.so ../../DataFormats/src/libDataFormats.so 
HTauTau/Analysis/src/CMakeFiles/httAnalysis.dir/build.make:122: recipe for target 'HTauTau/Analysis/src/httAnalysis' failed
make[2]: Opuszczenie katalogu '/home/piotr/Programy/RootAnalysis/build'
CMakeFiles/Makefile2:317: recipe for target 'HTauTau/Analysis/src/CMakeFiles/httAnalysis.dir/all' failed
make[1]: Opuszczenie katalogu '/home/piotr/Programy/RootAnalysis/build'
Makefile:132: recipe for target 'all' failed
